2026-04-10 10:34:12,022 [INFO] Buscando XMLs...
2026-04-10 10:35:45,300 [INFO]   57,623 CTe | 726 Canc. em 93s
2026-04-10 10:36:48,054 [INFO]   506 cancelamentos novos
2026-04-10 10:36:48,055 [INFO]   Processando com 7 workers...
2026-04-10 10:37:21,233 [INFO]   2,000/57,623 -- 0 novos -- 95s
2026-04-10 10:37:54,373 [INFO]   4,000/57,623 -- 0 novos -- 129s
2026-04-10 10:38:26,789 [INFO]   6,000/57,623 -- 0 novos -- 161s
2026-04-10 10:38:58,812 [INFO]   8,000/57,623 -- 0 novos -- 193s
2026-04-10 10:39:31,220 [INFO]   10,000/57,623 -- 0 novos -- 225s
2026-04-10 10:40:03,688 [INFO]   12,000/57,623 -- 0 novos -- 258s
2026-04-10 10:40:36,330 [INFO]   14,000/57,623 -- 0 novos -- 291s
2026-04-10 10:41:09,668 [INFO]   16,000/57,623 -- 0 novos -- 324s
2026-04-10 10:41:42,142 [INFO]   18,000/57,623 -- 0 novos -- 356s
2026-04-10 10:42:15,020 [INFO]   20,000/57,623 -- 0 novos -- 389s
2026-04-10 10:42:49,045 [INFO]   22,000/57,623 -- 0 novos -- 423s
2026-04-10 10:43:24,438 [INFO]   24,000/57,623 -- 0 novos -- 459s
2026-04-10 10:43:57,989 [INFO]   26,000/57,623 -- 0 novos -- 492s
2026-04-10 10:44:30,951 [INFO]   28,000/57,623 -- 1,298 novos -- 525s
2026-04-10 10:45:03,522 [INFO]   30,000/57,623 -- 2,273 novos -- 558s
2026-04-10 10:45:36,552 [INFO]   32,000/57,623 -- 2,987 novos -- 591s
2026-04-10 10:46:09,095 [INFO]   34,000/57,623 -- 3,391 novos -- 623s
2026-04-10 10:46:42,174 [INFO]   36,000/57,623 -- 4,700 novos -- 656s
2026-04-10 10:47:15,249 [INFO]   38,000/57,623 -- 6,361 novos -- 689s
2026-04-10 10:47:48,171 [INFO]   40,000/57,623 -- 7,019 novos -- 722s
2026-04-10 10:48:22,840 [INFO]   42,000/57,623 -- 7,019 novos -- 757s
2026-04-10 10:48:56,404 [INFO]   44,000/57,623 -- 7,019 novos -- 791s
2026-04-10 10:49:29,050 [INFO]   46,000/57,623 -- 7,019 novos -- 823s
2026-04-10 10:50:00,537 [INFO]   48,000/57,623 -- 7,019 novos -- 855s
2026-04-10 10:50:31,773 [INFO]   50,000/57,623 -- 7,019 novos -- 886s
2026-04-10 10:51:05,593 [INFO]   52,000/57,623 -- 7,019 novos -- 920s
2026-04-10 10:51:38,578 [INFO]   54,000/57,623 -- 7,019 novos -- 953s
2026-04-10 10:52:12,012 [INFO]   56,000/57,623 -- 7,019 novos -- 986s
2026-04-10 10:52:40,756 [INFO]   7,019 CTes novos em 1015s
2026-04-10 10:52:40,757 [INFO] Agregando 7,019 CTes...
2026-04-10 10:52:41,162 [INFO]   OK cte_dados.json salvo
2026-04-10 10:52:45,708 [INFO]   OK Publicado no Supabase
